# JRE version: OpenJDK Runtime Environment (8.0_152-b01) (build 1.8.0_152-release-1248-b01)
# Java VM: OpenJDK 64-Bit Server VM (25.152-b01 mixed mode windows-amd64 compressed oops)
Heap:
 PSYoungGen      total 486400K, used 263794K [0x00000000e0000000, 0x00000000fff80000, 0x0000000100000000)
  eden space 448512K, 57% used [0x00000000e0000000,0x00000000efa98bb0,0x00000000fb600000)
  from space 37888K, 18% used [0x00000000fb600000,0x00000000fbd03f80,0x00000000fdb00000)
  to   space 37376K, 0% used [0x00000000fdb00000,0x00000000fdb00000,0x00000000fff80000)
 ParOldGen       total 304640K, used 39404K [0x00000000a0000000, 0x00000000b2980000, 0x00000000e0000000)
  object space 304640K, 12% used [0x00000000a0000000,0x00000000a267b168,0x00000000b2980000)
 Metaspace       used 96362K, capacity 99752K, committed 100392K, reserved 1136640K
  class space    used 11930K, capacity 12660K, committed 12840K, reserved 1048576K
GC Heap History (10 events):
Event: 4420.800 GC heap before
{Heap before GC invocations=33 (full 3):
 PSYoungGen      total 418816K, used 398712K [0x00000000e0000000, 0x0000000100000000, 0x0000000100000000)
  eden space 380416K, 100% used [0x00000000e0000000,0x00000000f7380000,0x00000000f7380000)
  from space 38400K, 47% used [0x00000000f7380000,0x00000000f855e0a0,0x00000000f9900000)
  to   space 36864K, 0% used [0x00000000fdc00000,0x00000000fdc00000,0x0000000100000000)
 ParOldGen       total 247808K, used 65252K [0x00000000a0000000, 0x00000000af200000, 0x00000000e0000000)
  object space 247808K, 26% used [0x00000000a0000000,0x00000000a3fb9208,0x00000000af200000)
 Metaspace       used 93552K, capacity 96796K, committed 97064K, reserved 1134592K
  class space    used 11574K, capacity 12267K, committed 12328K, reserved 1048576K
Event: 4420.817 GC heap after
Heap after GC invocations=33 (full 3):
 PSYoungGen      total 484352K, used 8801K [0x00000000e0000000, 0x00000000ffe80000, 0x0000000100000000)
  eden space 449024K, 0% used [0x00000000e0000000,0x00000000e0000000,0x00000000fb680000)
  from space 35328K, 24% used [0x00000000fdc00000,0x00000000fe498560,0x00000000ffe80000)
  to   space 36864K, 0% used [0x00000000fb680000,0x00000000fb680000,0x00000000fda80000)
 ParOldGen       total 247808K, used 69751K [0x00000000a0000000, 0x00000000af200000, 0x00000000e0000000)
  object space 247808K, 28% used [0x00000000a0000000,0x00000000a441dcc8,0x00000000af200000)
 Metaspace       used 93552K, capacity 96796K, committed 97064K, reserved 1134592K
  class space    used 11574K, capacity 12267K, committed 12328K, reserved 1048576K
}
Event: 4425.123 GC heap before
{Heap before GC invocations=34 (full 3):
 PSYoungGen      total 484352K, used 457817K [0x00000000e0000000, 0x00000000ffe80000, 0x0000000100000000)
  eden space 449024K, 99% used [0x00000000e0000000,0x00000000fb67e140,0x00000000fb680000)
  from space 35328K, 24% used [0x00000000fdc00000,0x00000000fe498560,0x00000000ffe80000)
  to   space 36864K, 0% used [0x00000000fb680000,0x00000000fb680000,0x00000000fda80000)
 ParOldGen       total 247808K, used 69751K [0x00000000a0000000, 0x00000000af200000, 0x00000000e0000000)
  object space 247808K, 28% used [0x00000000a0000000,0x00000000a441dcc8,0x00000000af200000)
 Metaspace       used 94498K, capacity 97916K, committed 97960K, reserved 1134592K
  class space    used 11680K, capacity 12439K, committed 12456K, reserved 1048576K
Event: 4425.132 GC heap after
Heap after GC invocations=34 (full 3):
 PSYoungGen      total 485888K, used 5858K [0x00000000e0000000, 0x0000000100000000, 0x0000000100000000)
  eden space 449024K, 0% used [0x00000000e0000000,0x00000000e0000000,0x00000000fb680000)
  from space 36864K, 15% used [0x00000000fb680000,0x00000000fbc38b50,0x00000000fda80000)
  to   space 37376K, 0% used [0x00000000fdb80000,0x00000000fdb80000,0x0000000100000000)
 ParOldGen       total 247808K, used 69783K [0x00000000a0000000, 0x00000000af200000, 0x00000000e0000000)
  object space 247808K, 28% used [0x00000000a0000000,0x00000000a4425cc8,0x00000000af200000)
 Metaspace       used 94498K, capacity 97916K, committed 97960K, reserved 1134592K
  class space    used 11680K, capacity 12439K, committed 12456K, reserved 1048576K
}
Event: 4426.687 GC heap before
{Heap before GC invocations=35 (full 3):
 PSYoungGen      total 485888K, used 48827K [0x00000000e0000000, 0x0000000100000000, 0x0000000100000000)
  eden space 449024K, 9% used [0x00000000e0000000,0x00000000e29f63c0,0x00000000fb680000)
  from space 36864K, 15% used [0x00000000fb680000,0x00000000fbc38b50,0x00000000fda80000)
  to   space 37376K, 0% used [0x00000000fdb80000,0x00000000fdb80000,0x0000000100000000)
 ParOldGen       total 247808K, used 69783K [0x00000000a0000000, 0x00000000af200000, 0x00000000e0000000)
  object space 247808K, 28% used [0x00000000a0000000,0x00000000a4425cc8,0x00000000af200000)
 Metaspace       used 95025K, capacity 98506K, committed 98600K, reserved 1134592K
  class space    used 11743K, capacity 12494K, committed 12584K, reserved 1048576K
Event: 4426.690 GC heap after
Heap after GC invocations=35 (full 3):
 PSYoungGen      total 485888K, used 1232K [0x00000000e0000000, 0x0000000100000000, 0x0000000100000000)
  eden space 448512K, 0% used [0x00000000e0000000,0x00000000e0000000,0x00000000fb600000)
  from space 37376K, 3% used [0x00000000fdb80000,0x00000000fdcb41f8,0x0000000100000000)
  to   space 37888K, 0% used [0x00000000fb600000,0x00000000fb600000,0x00000000fdb00000)
 ParOldGen       total 247808K, used 69807K [0x00000000a0000000, 0x00000000af200000, 0x00000000e0000000)
  object space 247808K, 28% used [0x00000000a0000000,0x00000000a442bcc8,0x00000000af200000)
 Metaspace       used 95025K, capacity 98506K, committed 98600K, reserved 1134592K
  class space    used 11743K, capacity 12494K, committed 12584K, reserved 1048576K
}
Event: 4426.690 GC heap before
{Heap before GC invocations=36 (full 4):
 PSYoungGen      total 485888K, used 1232K [0x00000000e0000000, 0x0000000100000000, 0x0000000100000000)
  eden space 448512K, 0% used [0x00000000e0000000,0x00000000e0000000,0x00000000fb600000)
  from space 37376K, 3% used [0x00000000fdb80000,0x00000000fdcb41f8,0x0000000100000000)
  to   space 37888K, 0% used [0x00000000fb600000,0x00000000fb600000,0x00000000fdb00000)
 ParOldGen       total 247808K, used 69807K [0x00000000a0000000, 0x00000000af200000, 0x00000000e0000000)
  object space 247808K, 28% used [0x00000000a0000000,0x00000000a442bcc8,0x00000000af200000)
 Metaspace       used 95025K, capacity 98506K, committed 98600K, reserved 1134592K
  class space    used 11743K, capacity 12494K, committed 12584K, reserved 1048576K
Event: 4426.904 GC heap after
Heap after GC invocations=36 (full 4):
 PSYoungGen      total 485888K, used 0K [0x00000000e0000000, 0x0000000100000000, 0x0000000100000000)
  eden space 448512K, 0% used [0x00000000e0000000,0x00000000e0000000,0x00000000fb600000)
  from space 37376K, 0% used [0x00000000fdb80000,0x00000000fdb80000,0x0000000100000000)
  to   space 37888K, 0% used [0x00000000fb600000,0x00000000fb600000,0x00000000fdb00000)
 ParOldGen       total 304640K, used 39396K [0x00000000a0000000, 0x00000000b2980000, 0x00000000e0000000)
  object space 304640K, 12% used [0x00000000a0000000,0x00000000a2679168,0x00000000b2980000)
 Metaspace       used 94294K, capacity 97126K, committed 98600K, reserved 1134592K
  class space    used 11605K, capacity 12223K, committed 12584K, reserved 1048576K
}
Event: 4435.123 GC heap before
{Heap before GC invocations=37 (full 4):
 PSYoungGen      total 485888K, used 447572K [0x00000000e0000000, 0x0000000100000000, 0x0000000100000000)
  eden space 448512K, 99% used [0x00000000e0000000,0x00000000fb515188,0x00000000fb600000)
  from space 37376K, 0% used [0x00000000fdb80000,0x00000000fdb80000,0x0000000100000000)
  to   space 37888K, 0% used [0x00000000fb600000,0x00000000fb600000,0x00000000fdb00000)
 ParOldGen       total 304640K, used 39396K [0x00000000a0000000, 0x00000000b2980000, 0x00000000e0000000)
  object space 304640K, 12% used [0x00000000a0000000,0x00000000a2679168,0x00000000b2980000)
 Metaspace       used 95577K, capacity 98708K, committed 99752K, reserved 1136640K
  class space    used 11814K, capacity 12486K, committed 12712K, reserved 1048576K
Event: 4435.130 GC heap after
Heap after GC invocations=37 (full 4):
 PSYoungGen      total 486400K, used 7183K [0x00000000e0000000, 0x00000000fff80000, 0x0000000100000000)
  eden space 448512K, 0% used [0x00000000e0000000,0x00000000e0000000,0x00000000fb600000)
  from space 37888K, 18% used [0x00000000fb600000,0x00000000fbd03f80,0x00000000fdb00000)
  to   space 37376K, 0% used [0x00000000fdb00000,0x00000000fdb00000,0x00000000fff80000)
 ParOldGen       total 304640K, used 39404K [0x00000000a0000000, 0x00000000b2980000, 0x00000000e0000000)
  object space 304640K, 12% used [0x00000000a0000000,0x00000000a267b168,0x00000000b2980000)
 Metaspace       used 95577K, capacity 98708K, committed 99752K, reserved 1136640K
  class space    used 11814K, capacity 12486K, committed 12712K, reserved 1048576K
}

